<?xml version="1.0" encoding="UTF-8"?>
<coverage generated="1660988862407" clover="3.2.0">
  <project timestamp="1660988862407" name="All files">
    <metrics statements="17" coveredstatements="16" conditionals="2" coveredconditionals="1" methods="5" coveredmethods="5" elements="24" coveredelements="22" complexity="0" loc="17" ncloc="17" packages="1" files="1" classes="1"/>
    <file name="RandomPicker.ts" path="/home/dat/projects/code/node-express-typescript/src/ddt/RandomPicker.ts">
      <metrics statements="17" coveredstatements="16" conditionals="2" coveredconditionals="1" methods="5" coveredmethods="5"/>
      <line num="2" count="1" type="stmt"/>
      <line num="3" count="4" type="stmt"/>
      <line num="4" count="4" type="stmt"/>
      <line num="5" count="4" type="cond" truecount="0" falsecount="1"/>
      <line num="6" count="0" type="stmt"/>
      <line num="8" count="4" type="stmt"/>
      <line num="13" count="5" type="stmt"/>
      <line num="14" count="5" type="stmt"/>
      <line num="16" count="5" type="stmt"/>
      <line num="17" count="7" type="stmt"/>
      <line num="18" count="7" type="cond" truecount="1" falsecount="0"/>
      <line num="19" count="5" type="stmt"/>
      <line num="31" count="1" type="stmt"/>
      <line num="32" count="1" type="stmt"/>
      <line num="33" count="3" type="stmt"/>
      <line num="35" count="1" type="stmt"/>
      <line num="39" count="16" type="stmt"/>
    </file>
  </project>
</coverage>
