{"/home/dat/projects/code/node-express-typescript/src/ddt/RandomPicker.ts": {"path":"/home/dat/projects/code/node-express-typescript/src/ddt/RandomPicker.ts","statementMap":{"0":{"start":{"line":4,"column":22},"end":{"line":4,"column":46}},"1":{"start":{"line":3,"column":2},"end":{"line":3,"column":26}},"2":{"start":{"line":5,"column":4},"end":{"line":7,"column":null}},"3":{"start":{"line":6,"column":6},"end":{"line":6,"column":50}},"4":{"start":{"line":8,"column":4},"end":{"line":8,"column":29}},"5":{"start":{"line":13,"column":19},"end":{"line":13,"column":51}},"6":{"start":{"line":14,"column":24},"end":{"line":14,"column":25}},"7":{"start":{"line":16,"column":4},"end":{"line":21,"column":null}},"8":{"start":{"line":17,"column":6},"end":{"line":17,"column":35}},"9":{"start":{"line":18,"column":6},"end":{"line":20,"column":null}},"10":{"start":{"line":19,"column":8},"end":{"line":19,"column":29}},"11":{"start":{"line":31,"column":18},"end":{"line":31,"column":20}},"12":{"start":{"line":32,"column":4},"end":{"line":34,"column":null}},"13":{"start":{"line":32,"column":16},"end":{"line":32,"column":17}},"14":{"start":{"line":33,"column":6},"end":{"line":33,"column":null}},"15":{"start":{"line":35,"column":4},"end":{"line":35,"column":17}},"16":{"start":{"line":39,"column":4},"end":{"line":39,"column":78}},"17":{"start":{"line":39,"column":56},"end":{"line":39,"column":73}},"18":{"start":{"line":2,"column":0},"end":{"line":2,"column":13}}},"fnMap":{"0":{"name":"(anonymous_0)","decl":{"start":{"line":4,"column":2},"end":{"line":4,"column":22}},"loc":{"start":{"line":4,"column":46},"end":{"line":9,"column":3}}},"1":{"name":"(anonymous_1)","decl":{"start":{"line":11,"column":2},"end":{"line":11,"column":6}},"loc":{"start":{"line":11,"column":6},"end":{"line":27,"column":3}}},"2":{"name":"(anonymous_2)","decl":{"start":{"line":29,"column":2},"end":{"line":29,"column":10}},"loc":{"start":{"line":29,"column":25},"end":{"line":36,"column":3}}},"3":{"name":"(anonymous_3)","decl":{"start":{"line":38,"column":10},"end":{"line":38,"column":27}},"loc":{"start":{"line":38,"column":27},"end":{"line":40,"column":3}}},"4":{"name":"(anonymous_4)","decl":{"start":{"line":39,"column":41},"end":{"line":39,"column":42}},"loc":{"start":{"line":39,"column":56},"end":{"line":39,"column":73}}}},"branchMap":{"0":{"loc":{"start":{"line":5,"column":4},"end":{"line":7,"column":null}},"type":"if","locations":[{"start":{"line":5,"column":4},"end":{"line":7,"column":null}}]},"1":{"loc":{"start":{"line":18,"column":6},"end":{"line":20,"column":null}},"type":"if","locations":[{"start":{"line":18,"column":6},"end":{"line":20,"column":null}}]}},"s":{"0":4,"1":4,"2":4,"3":0,"4":4,"5":5,"6":5,"7":5,"8":7,"9":7,"10":5,"11":1,"12":1,"13":1,"14":3,"15":1,"16":4,"17":16,"18":1},"f":{"0":4,"1":5,"2":1,"3":4,"4":16},"b":{"0":[0],"1":[5]}}
}
